This is pdfTeX, Version 3.1415926-2.5-1.40.14 (TeX Live 2013/Debian) (format=pdflatex 2015.1.28)  23 MAR 2015 09:54
entering extended mode
 restricted \write18 enabled.
 %&-line parsing enabled.
**report.tex
(./report.tex
LaTeX2e <2011/06/27>
Babel <3.9h> and hyphenation patterns for 78 languages loaded.
(/usr/share/texlive/texmf-dist/tex/latex/base/article.cls
Document Class: article 2007/10/19 v1.4h Standard LaTeX document class
(/usr/share/texlive/texmf-dist/tex/latex/base/size10.clo
File: size10.clo 2007/10/19 v1.4h Standard LaTeX file (size option)
)
\c@part=\count79
\c@section=\count80
\c@subsection=\count81
\c@subsubsection=\count82
\c@paragraph=\count83
\c@subparagraph=\count84
\c@figure=\count85
\c@table=\count86
\abovecaptionskip=\skip41
\belowcaptionskip=\skip42
\bibindent=\dimen102
)
(/usr/share/texlive/texmf-dist/tex/latex/geometry/geometry.sty
Package: geometry 2010/09/12 v5.6 Page Geometry

(/usr/share/texlive/texmf-dist/tex/latex/graphics/keyval.sty
Package: keyval 1999/03/16 v1.13 key=value parser (DPC)
\KV@toks@=\toks14
)
(/usr/share/texlive/texmf-dist/tex/generic/oberdiek/ifpdf.sty
Package: ifpdf 2011/01/30 v2.3 Provides the ifpdf switch (HO)
Package ifpdf Info: pdfTeX in PDF mode is detected.
)
(/usr/share/texlive/texmf-dist/tex/generic/oberdiek/ifvtex.sty
Package: ifvtex 2010/03/01 v1.5 Detect VTeX and its facilities (HO)
Package ifvtex Info: VTeX not detected.
)
(/usr/share/texlive/texmf-dist/tex/generic/ifxetex/ifxetex.sty
Package: ifxetex 2010/09/12 v0.6 Provides ifxetex conditional
)
\Gm@cnth=\count87
\Gm@cntv=\count88
\c@Gm@tempcnt=\count89
\Gm@bindingoffset=\dimen103
\Gm@wd@mp=\dimen104
\Gm@odd@mp=\dimen105
\Gm@even@mp=\dimen106
\Gm@layoutwidth=\dimen107
\Gm@layoutheight=\dimen108
\Gm@layouthoffset=\dimen109
\Gm@layoutvoffset=\dimen110
\Gm@dimlist=\toks15
)
(/usr/share/texlive/texmf-dist/tex/latex/graphics/graphicx.sty
Package: graphicx 1999/02/16 v1.0f Enhanced LaTeX Graphics (DPC,SPQR)

(/usr/share/texlive/texmf-dist/tex/latex/graphics/graphics.sty
Package: graphics 2009/02/05 v1.0o Standard LaTeX Graphics (DPC,SPQR)

(/usr/share/texlive/texmf-dist/tex/latex/graphics/trig.sty
Package: trig 1999/03/16 v1.09 sin cos tan (DPC)
)
(/usr/share/texlive/texmf-dist/tex/latex/latexconfig/graphics.cfg
File: graphics.cfg 2010/04/23 v1.9 graphics configuration of TeX Live
)
Package graphics Info: Driver file: pdftex.def on input line 91.

(/usr/share/texlive/texmf-dist/tex/latex/pdftex-def/pdftex.def
File: pdftex.def 2011/05/27 v0.06d Graphics/color for pdfTeX

(/usr/share/texlive/texmf-dist/tex/generic/oberdiek/infwarerr.sty
Package: infwarerr 2010/04/08 v1.3 Providing info/warning/error messages (HO)
)
(/usr/share/texlive/texmf-dist/tex/generic/oberdiek/ltxcmds.sty
Package: ltxcmds 2011/11/09 v1.22 LaTeX kernel commands for general use (HO)
)
\Gread@gobject=\count90
))
\Gin@req@height=\dimen111
\Gin@req@width=\dimen112
)
(/usr/share/texlive/texmf-dist/tex/latex/comment/comment.sty
\CommentStream=\write3

Excluding comment 'comment')
(/usr/share/texlive/texmf-dist/tex/latex/amsmath/amsmath.sty
Package: amsmath 2013/01/14 v2.14 AMS math features
\@mathmargin=\skip43

For additional information on amsmath, use the `?' option.
(/usr/share/texlive/texmf-dist/tex/latex/amsmath/amstext.sty
Package: amstext 2000/06/29 v2.01

(/usr/share/texlive/texmf-dist/tex/latex/amsmath/amsgen.sty
File: amsgen.sty 1999/11/30 v2.0
\@emptytoks=\toks16
\ex@=\dimen113
))
(/usr/share/texlive/texmf-dist/tex/latex/amsmath/amsbsy.sty
Package: amsbsy 1999/11/29 v1.2d
\pmbraise@=\dimen114
)
(/usr/share/texlive/texmf-dist/tex/latex/amsmath/amsopn.sty
Package: amsopn 1999/12/14 v2.01 operator names
)
\inf@bad=\count91
LaTeX Info: Redefining \frac on input line 210.
\uproot@=\count92
\leftroot@=\count93
LaTeX Info: Redefining \overline on input line 306.
\classnum@=\count94
\DOTSCASE@=\count95
LaTeX Info: Redefining \ldots on input line 378.
LaTeX Info: Redefining \dots on input line 381.
LaTeX Info: Redefining \cdots on input line 466.
\Mathstrutbox@=\box26
\strutbox@=\box27
\big@size=\dimen115
LaTeX Font Info:    Redeclaring font encoding OML on input line 566.
LaTeX Font Info:    Redeclaring font encoding OMS on input line 567.
\macc@depth=\count96
\c@MaxMatrixCols=\count97
\dotsspace@=\muskip10
\c@parentequation=\count98
\dspbrk@lvl=\count99
\tag@help=\toks17
\row@=\count100
\column@=\count101
\maxfields@=\count102
\andhelp@=\toks18
\eqnshift@=\dimen116
\alignsep@=\dimen117
\tagshift@=\dimen118
\tagwidth@=\dimen119
\totwidth@=\dimen120
\lineht@=\dimen121
\@envbody=\toks19
\multlinegap=\skip44
\multlinetaggap=\skip45
\mathdisplay@stack=\toks20
LaTeX Info: Redefining \[ on input line 2665.
LaTeX Info: Redefining \] on input line 2666.
)
(/usr/share/texlive/texmf-dist/tex/latex/caption/caption.sty
Package: caption 2013/05/02 v3.3-89 Customizing captions (AR)

(/usr/share/texlive/texmf-dist/tex/latex/caption/caption3.sty
Package: caption3 2013/05/02 v1.6-88 caption3 kernel (AR)
Package caption3 Info: TeX engine: e-TeX on input line 57.
\captionmargin=\dimen122
\captionmargin@=\dimen123
\captionwidth=\dimen124
\caption@tempdima=\dimen125
\caption@indent=\dimen126
\caption@parindent=\dimen127
\caption@hangindent=\dimen128
)
\c@ContinuedFloat=\count103
)
(/usr/share/texlive/texmf-dist/tex/latex/caption/subcaption.sty
Package: subcaption 2013/02/03 v1.1-62 Sub-captions (AR)
\c@subfigure=\count104
\c@subtable=\count105
)
(/usr/share/texlive/texmf-dist/tex/latex/units/nicefrac.sty
Package: nicefrac 1998/08/04 v0.9b Nice fractions
\L@UnitsRaiseDisplaystyle=\skip46
\L@UnitsRaiseTextstyle=\skip47
\L@UnitsRaiseScriptstyle=\skip48

(/usr/share/texlive/texmf-dist/tex/latex/base/ifthen.sty
Package: ifthen 2001/05/26 v1.1c Standard LaTeX ifthen package (DPC)
))
(/usr/share/texlive/texmf-dist/tex/latex/tablefootnote/tablefootnote.sty
Package: tablefootnote 2014/01/26 v1.1c Table foot notes (HMM)

(/usr/share/texlive/texmf-dist/tex/latex/oberdiek/letltxmacro.sty
Package: letltxmacro 2010/09/02 v1.4 Let assignment for LaTeX macros (HO)
)
(/usr/share/texlive/texmf-dist/tex/latex/xifthen/xifthen.sty
Package: xifthen 2009/04/17 v1.3 Extended ifthen features

(/usr/share/texlive/texmf-dist/tex/latex/etex-pkg/etex.sty
Package: etex 1998/03/26 v2.0 eTeX basic definition package (PEB)
\et@xins=\count106
)
(/usr/share/texlive/texmf-dist/tex/latex/tools/calc.sty
Package: calc 2007/08/22 v4.3 Infix arithmetic (KKT,FJ)
\calc@Acount=\count107
\calc@Bcount=\count108
\calc@Adimen=\dimen129
\calc@Bdimen=\dimen130
\calc@Askip=\skip49
\calc@Bskip=\skip50
LaTeX Info: Redefining \setlength on input line 76.
LaTeX Info: Redefining \addtolength on input line 77.
\calc@Ccount=\count109
\calc@Cskip=\skip51
)
(/usr/share/texlive/texmf-dist/tex/latex/ifmtarg/ifmtarg.sty
Package: ifmtarg 2009/09/02 v1.2a check for an empty argument
))
(/usr/share/texlive/texmf-dist/tex/latex/etoolbox/etoolbox.sty
Package: etoolbox 2011/01/03 v2.1 e-TeX tools for LaTeX
\etb@tempcnta=\count110
))

LaTeX Warning: Unused global option(s):
    [10.5pt].

(./report.aux)
\openout1 = `report.aux'.

LaTeX Font Info:    Checking defaults for OML/cmm/m/it on input line 10.
LaTeX Font Info:    ... okay on input line 10.
LaTeX Font Info:    Checking defaults for T1/cmr/m/n on input line 10.
LaTeX Font Info:    ... okay on input line 10.
LaTeX Font Info:    Checking defaults for OT1/cmr/m/n on input line 10.
LaTeX Font Info:    ... okay on input line 10.
LaTeX Font Info:    Checking defaults for OMS/cmsy/m/n on input line 10.
LaTeX Font Info:    ... okay on input line 10.
LaTeX Font Info:    Checking defaults for OMX/cmex/m/n on input line 10.
LaTeX Font Info:    ... okay on input line 10.
LaTeX Font Info:    Checking defaults for U/cmr/m/n on input line 10.
LaTeX Font Info:    ... okay on input line 10.

*geometry* driver: auto-detecting
*geometry* detected driver: pdftex
*geometry* verbose mode - [ preamble ] result:
* driver: pdftex
* paper: letterpaper
* layout: <same size as paper>
* layoutoffset:(h,v)=(0.0pt,0.0pt)
* modes: 
* h-part:(L,W,R)=(90.3375pt, 433.62001pt, 90.3375pt)
* v-part:(T,H,B)=(90.3375pt, 614.295pt, 90.3375pt)
* \paperwidth=614.295pt
* \paperheight=794.96999pt
* \textwidth=433.62001pt
* \textheight=614.295pt
* \oddsidemargin=18.0675pt
* \evensidemargin=18.0675pt
* \topmargin=-18.9325pt
* \headheight=12.0pt
* \headsep=25.0pt
* \topskip=10.0pt
* \footskip=30.0pt
* \marginparwidth=65.0pt
* \marginparsep=11.0pt
* \columnsep=10.0pt
* \skip\footins=9.0pt plus 4.0pt minus 2.0pt
* \hoffset=0.0pt
* \voffset=0.0pt
* \mag=1000
* \@twocolumnfalse
* \@twosidefalse
* \@mparswitchfalse
* \@reversemarginfalse
* (1in=72.27pt=25.4mm, 1cm=28.453pt)

(/usr/share/texlive/texmf-dist/tex/context/base/supp-pdf.mkii
[Loading MPS to PDF converter (version 2006.09.02).]
\scratchcounter=\count111
\scratchdimen=\dimen131
\scratchbox=\box28
\nofMPsegments=\count112
\nofMParguments=\count113
\everyMPshowfont=\toks21
\MPscratchCnt=\count114
\MPscratchDim=\dimen132
\MPnumerator=\count115
\makeMPintoPDFobject=\count116
\everyMPtoPDFconversion=\toks22
) (/usr/share/texlive/texmf-dist/tex/generic/oberdiek/pdftexcmds.sty
Package: pdftexcmds 2011/11/29 v0.20 Utility functions of pdfTeX for LuaTeX (HO
)

(/usr/share/texlive/texmf-dist/tex/generic/oberdiek/ifluatex.sty
Package: ifluatex 2010/03/01 v1.3 Provides the ifluatex switch (HO)
Package ifluatex Info: LuaTeX not detected.
)
Package pdftexcmds Info: LuaTeX not detected.
Package pdftexcmds Info: \pdf@primitive is available.
Package pdftexcmds Info: \pdf@ifprimitive is available.
Package pdftexcmds Info: \pdfdraftmode found.
)
(/usr/share/texlive/texmf-dist/tex/latex/oberdiek/epstopdf-base.sty
Package: epstopdf-base 2010/02/09 v2.5 Base part for package epstopdf

(/usr/share/texlive/texmf-dist/tex/latex/oberdiek/grfext.sty
Package: grfext 2010/08/19 v1.1 Manage graphics extensions (HO)

(/usr/share/texlive/texmf-dist/tex/generic/oberdiek/kvdefinekeys.sty
Package: kvdefinekeys 2011/04/07 v1.3 Define keys (HO)
))
(/usr/share/texlive/texmf-dist/tex/latex/oberdiek/kvoptions.sty
Package: kvoptions 2011/06/30 v3.11 Key value format for package options (HO)

(/usr/share/texlive/texmf-dist/tex/generic/oberdiek/kvsetkeys.sty
Package: kvsetkeys 2012/04/25 v1.16 Key value parser (HO)

(/usr/share/texlive/texmf-dist/tex/generic/oberdiek/etexcmds.sty
Package: etexcmds 2011/02/16 v1.5 Avoid name clashes with e-TeX commands (HO)
Package etexcmds Info: Could not find \expanded.
(etexcmds)             That can mean that you are not using pdfTeX 1.50 or
(etexcmds)             that some package has redefined \expanded.
(etexcmds)             In the latter case, load this package earlier.
)))
Package grfext Info: Graphics extension search list:
(grfext)             [.png,.pdf,.jpg,.mps,.jpeg,.jbig2,.jb2,.PNG,.PDF,.JPG,.JPE
G,.JBIG2,.JB2,.eps]
(grfext)             \AppendGraphicsExtensions on input line 452.

(/usr/share/texlive/texmf-dist/tex/latex/latexconfig/epstopdf-sys.cfg
File: epstopdf-sys.cfg 2010/07/13 v1.3 Configuration of (r)epstopdf for TeX Liv
e
))
Package caption Info: Begin \AtBeginDocument code.
Package caption Info: End \AtBeginDocument code.

[1

{/var/lib/texmf/fonts/map/pdftex/updmap/pdftex.map}] [1

] (./report.toc)
\tf@toc=\write4
\openout4 = `report.toc'.


[1

] <diagrams/latches.png, id=17, 446.18869pt x 192.9609pt>
File: diagrams/latches.png Graphic file (type png)

<use diagrams/latches.png>
Package pdftex.def Info: diagrams/latches.png used on input line 54.
(pdftex.def)             Requested size: 260.17465pt x 112.51509pt.

<diagrams/block-level-oscillators.png, id=18, 500.08907pt x 149.5989pt>
File: diagrams/block-level-oscillators.png Graphic file (type png)

<use diagrams/block-level-oscillators.png>
Package pdftex.def Info: diagrams/block-level-oscillators.png used on input lin
e 78.
(pdftex.def)             Requested size: 303.53267pt x 90.8032pt.
 [2

 <./diagrams/latches.png> <./diagrams/block-level-oscillators.png>]
<diagrams/latch-circuit.png, id=26, 358.941pt x 200.1879pt>
File: diagrams/latch-circuit.png Graphic file (type png)

<use diagrams/latch-circuit.png>
Package pdftex.def Info: diagrams/latch-circuit.png used on input line 95.
(pdftex.def)             Requested size: 260.17465pt x 145.10347pt.
 [3

 <./diagrams/latch-circuit.png (PNG copy)>]
[4] <diagrams/simple-circuit.png, id=39, 347.1369pt x 194.6472pt>
File: diagrams/simple-circuit.png Graphic file (type png)

<use diagrams/simple-circuit.png>
Package pdftex.def Info: diagrams/simple-circuit.png used on input line 220.
(pdftex.def)             Requested size: 260.17465pt x 145.88998pt.

<diagrams/simple-transient-circuit.png, id=40, 249.0906pt x 142.6128pt>
File: diagrams/simple-transient-circuit.png Graphic file (type png)

<use diagrams/simple-transient-circuit.png>
Package pdftex.def Info: diagrams/simple-transient-circuit.png used on input li
ne 269.
(pdftex.def)             Requested size: 195.12767pt x 111.7206pt.
 [5

 <./diagrams/simple-circuit.png (PNG copy)>] [6 <./diagrams/simple-transient-ci
rcuit.png (PNG copy)>]
Overfull \hbox (1.26965pt too wide) in paragraph at lines 417--420
\OT1/cmr/m/n/10 The astable mul-ti-vi-bra-tor cir-cuit can be im-proved by addi
ng volt-age buffers into the cross-connections
 []

[7] <diagrams/advanced-circuit.png, id=52, 490.4724pt x 283.2984pt>
File: diagrams/advanced-circuit.png Graphic file (type png)

<use diagrams/advanced-circuit.png>
Package pdftex.def Info: diagrams/advanced-circuit.png used on input line 423.
(pdftex.def)             Requested size: 346.89732pt x 200.36948pt.

<diagrams/advanced-circuit-without-mirrors.png, id=53, 434.5836pt x 227.8914pt>
File: diagrams/advanced-circuit-without-mirrors.png Graphic file (type png)
<use diagrams/advanced-circuit-without-mirrors.png>
Package pdftex.def Info: diagrams/advanced-circuit-without-mirrors.png used on 
input line 461.
(pdftex.def)             Requested size: 346.89732pt x 181.91695pt.
 [8 <./diagrams/advanced-circuit.png (PNG copy)>]
<diagrams/advanced-transient-circuit.png, id=57, 233.1912pt x 152.2488pt>
File: diagrams/advanced-transient-circuit.png Graphic file (type png)

<use diagrams/advanced-transient-circuit.png>
Package pdftex.def Info: diagrams/advanced-transient-circuit.png used on input 
line 512.
(pdftex.def)             Requested size: 195.12767pt x 127.39792pt.
 [9 <./diagrams/advanced-circuit-without-mirrors.png (PNG copy)>] [10 <./diagra
ms/advanced-transient-circuit.png (PNG copy)>]
File: diagrams/simple-circuit.png Graphic file (type png)
 <use diagrams/simple-circuit.png>
Package pdftex.def Info: diagrams/simple-circuit.png used on input line 643.
(pdftex.def)             Requested size: 216.81pt x 121.57103pt.
 [11] [12]

LaTeX Warning: Reference `redesigned-stability-conditions' on page 13 undefined
 on input line 760.

[13] <results/q1-characteristics.png, id=74, 462.528pt x 430.9701pt>
File: results/q1-characteristics.png Graphic file (type png)

<use results/q1-characteristics.png>
Package pdftex.def Info: results/q1-characteristics.png used on input line 796.

(pdftex.def)             Requested size: 260.17465pt x 242.43323pt.

<results/q2-characteristics.png, id=75, 455.59398pt x 431.67987pt>
File: results/q2-characteristics.png Graphic file (type png)

<use results/q2-characteristics.png>
Package pdftex.def Info: results/q2-characteristics.png used on input line 802.

(pdftex.def)             Requested size: 260.17465pt x 246.53433pt.

<results/q3-characteristics.png, id=76, 456.90161pt x 431.20294pt>
File: results/q3-characteristics.png Graphic file (type png)

<use results/q3-characteristics.png>
Package pdftex.def Info: results/q3-characteristics.png used on input line 808.

(pdftex.def)             Requested size: 260.17465pt x 245.55136pt.

<results/q4-characteristics.png, id=77, 457.71pt x 431.9337pt>
File: results/q4-characteristics.png Graphic file (type png)

<use results/q4-characteristics.png>
Package pdftex.def Info: results/q4-characteristics.png used on input line 814.

(pdftex.def)             Requested size: 260.17465pt x 245.5325pt.

<results/q5-characteristics.png, id=78, 455.61522pt x 433.8609pt>
File: results/q5-characteristics.png Graphic file (type png)

<use results/q5-characteristics.png>
Package pdftex.def Info: results/q5-characteristics.png used on input line 820.

(pdftex.def)             Requested size: 260.17465pt x 247.76007pt.

<results/q6-characteristics.png, id=79, 455.3735pt x 429.2693pt>
File: results/q6-characteristics.png Graphic file (type png)

<use results/q6-characteristics.png>
Package pdftex.def Info: results/q6-characteristics.png used on input line 826.

(pdftex.def)             Requested size: 260.17465pt x 245.27554pt.

<results/q7-characteristics.png, id=80, 456.15845pt x 431.43pt>
File: results/q7-characteristics.png Graphic file (type png)

<use results/q7-characteristics.png>
Package pdftex.def Info: results/q7-characteristics.png used on input line 832.

(pdftex.def)             Requested size: 260.17465pt x 246.06905pt.

<results/q8-characteristics.png, id=81, 458.2797pt x 428.51pt>
File: results/q8-characteristics.png Graphic file (type png)

<use results/q8-characteristics.png>
Package pdftex.def Info: results/q8-characteristics.png used on input line 838.

(pdftex.def)             Requested size: 260.17465pt x 243.28552pt.

<results/q9-characteristics.png, id=82, 457.54723pt x 431.67987pt>
File: results/q9-characteristics.png Graphic file (type png)

<use results/q9-characteristics.png>
Package pdftex.def Info: results/q9-characteristics.png used on input line 844.

(pdftex.def)             Requested size: 260.17465pt x 245.46725pt.
 [14

 <./results/q1-characteristics.png>]
[15 <./results/q2-characteristics.png> <./results/q3-characteristics.png>]
[16 <./results/q4-characteristics.png> <./results/q5-characteristics.png>]
[17 <./results/q6-characteristics.png> <./results/q7-characteristics.png>]
[18 <./results/q8-characteristics.png> <./results/q9-characteristics.png>]
(./report.aux)

LaTeX Warning: There were undefined references.

 ) 
Here is how much of TeX's memory you used:
 4445 strings out of 493304
 67269 string characters out of 6139871
 149168 words of memory out of 5000000
 7818 multiletter control sequences out of 15000+600000
 9023 words of font info for 33 fonts, out of 8000000 for 9000
 957 hyphenation exceptions out of 8191
 38i,10n,38p,789b,286s stack positions out of 5000i,500n,10000p,200000b,80000s
</usr/share/texlive/texmf-dist/fonts/type1/public/amsfonts/cm/cmbx10.pfb></us
r/share/texlive/texmf-dist/fonts/type1/public/amsfonts/cm/cmbx12.pfb></usr/shar
e/texlive/texmf-dist/fonts/type1/public/amsfonts/cm/cmex10.pfb></usr/share/texl
ive/texmf-dist/fonts/type1/public/amsfonts/cm/cmmi10.pfb></usr/share/texlive/te
xmf-dist/fonts/type1/public/amsfonts/cm/cmmi5.pfb></usr/share/texlive/texmf-dis
t/fonts/type1/public/amsfonts/cm/cmmi7.pfb></usr/share/texlive/texmf-dist/fonts
/type1/public/amsfonts/cm/cmr10.pfb></usr/share/texlive/texmf-dist/fonts/type1/
public/amsfonts/cm/cmr12.pfb></usr/share/texlive/texmf-dist/fonts/type1/public/
amsfonts/cm/cmr17.pfb></usr/share/texlive/texmf-dist/fonts/type1/public/amsfont
s/cm/cmr5.pfb></usr/share/texlive/texmf-dist/fonts/type1/public/amsfonts/cm/cmr
6.pfb></usr/share/texlive/texmf-dist/fonts/type1/public/amsfonts/cm/cmr7.pfb></
usr/share/texlive/texmf-dist/fonts/type1/public/amsfonts/cm/cmr8.pfb></usr/shar
e/texlive/texmf-dist/fonts/type1/public/amsfonts/cm/cmsy10.pfb></usr/share/texl
ive/texmf-dist/fonts/type1/public/amsfonts/cm/cmsy5.pfb></usr/share/texlive/tex
mf-dist/fonts/type1/public/amsfonts/cm/cmsy7.pfb>
Output written on report.pdf (20 pages, 695295 bytes).
PDF statistics:
 150 PDF objects out of 1000 (max. 8388607)
 94 compressed objects within 1 object stream
 0 named destinations out of 1000 (max. 500000)
 86 words of extra memory for PDF output out of 10000 (max. 10000000)

